2024-09-19 10:15:29.626 [info] Added views:workbench.panel.markers.view in workbench.panel.markers
2024-09-19 10:15:29.626 [info] Added views:workbench.panel.output in workbench.panel.output
2024-09-19 10:15:29.626 [info] Added views:terminal in terminal
2024-09-19 10:15:29.626 [info] Added views:outline in workbench.view.explorer
2024-09-19 10:15:29.626 [info] Added views:workbench.scm in workbench.view.scm
2024-09-19 10:15:29.626 [info] Added views:workbench.view.search in workbench.view.search
2024-09-19 10:15:29.626 [info] Added views:timeline in workbench.view.explorer
2024-09-19 10:15:29.626 [info] Added views:workbench.explorer.fileView in workbench.view.explorer
2024-09-19 10:15:29.974 [info] Added views:workbench.debug.welcome in workbench.view.debug
2024-09-19 10:15:30.135 [info] Added views:~remote.forwardedPorts in ~remote.forwardedPortsContainer
2024-09-19 10:15:34.197 [info] Added views:github.codespaces.explorer in workbench.view.remote
2024-09-19 10:15:34.197 [info] Added views:remoteTargets in workbench.view.remote
2024-09-19 10:15:49.241 [info] Added views:workbench.panel.markers.view in workbench.panel.markers
2024-09-19 10:15:49.242 [info] Added views:workbench.panel.output in workbench.panel.output
2024-09-19 10:15:49.242 [info] Added views:terminal in terminal
2024-09-19 10:15:49.242 [info] Added views:outline in workbench.view.explorer
2024-09-19 10:15:49.242 [info] Added views:workbench.scm in workbench.view.scm
2024-09-19 10:15:49.242 [info] Added views:workbench.view.search in workbench.view.search
2024-09-19 10:15:49.242 [info] Added views:timeline in workbench.view.explorer
2024-09-19 10:15:49.242 [info] Added views:workbench.explorer.emptyView in workbench.view.explorer
2024-09-19 10:15:49.514 [info] Added views:github.codespaces.explorer in workbench.view.remote
2024-09-19 10:15:49.515 [info] Added views:remoteTargets in workbench.view.remote
2024-09-19 10:15:49.585 [info] Added views:workbench.debug.variablesView,workbench.debug.watchExpressionsView,workbench.debug.callStackView,workbench.debug.breakPointsView in workbench.view.debug
2024-09-19 10:15:49.594 [info] Added views:workbench.panel.repl.view in workbench.panel.repl
2024-09-19 10:15:49.594 [info] Removed views:workbench.debug.breakPointsView,workbench.debug.callStackView,workbench.debug.watchExpressionsView,workbench.debug.variablesView from workbench.view.debug
2024-09-19 10:15:49.595 [info] Added views:workbench.debug.welcome in workbench.view.debug
2024-09-19 10:15:49.836 [info] Added views:~remote.forwardedPorts in ~remote.forwardedPortsContainer
2024-09-19 10:15:52.709 [info] Added views:workbench.panel.markers.view in workbench.panel.markers
2024-09-19 10:15:52.710 [info] Added views:workbench.panel.output in workbench.panel.output
2024-09-19 10:15:52.710 [info] Added views:terminal in terminal
2024-09-19 10:15:52.710 [info] Added views:outline in workbench.view.explorer
2024-09-19 10:15:52.710 [info] Added views:workbench.scm in workbench.view.scm
2024-09-19 10:15:52.710 [info] Added views:workbench.view.search in workbench.view.search
2024-09-19 10:15:52.710 [info] Added views:timeline in workbench.view.explorer
2024-09-19 10:15:52.710 [info] Added views:workbench.explorer.fileView in workbench.view.explorer
2024-09-19 10:15:52.991 [info] Added views:workbench.debug.welcome in workbench.view.debug
2024-09-19 10:15:53.275 [info] Added views:~remote.forwardedPorts in ~remote.forwardedPortsContainer
2024-09-19 10:16:02.698 [info] Added views:github.codespaces.explorer in workbench.view.remote
2024-09-19 10:16:02.698 [info] Added views:remoteTargets in workbench.view.remote
2024-09-19 10:16:04.389 [info] Added views:workbench.panel.repl.view in workbench.panel.repl
