2024-09-12 15:51:22.803 [info] Extension host with pid 229848 started
2024-09-12 15:51:22.836 [info] ExtensionService#_doActivateExtension vscode.git-base, startup: true, activationEvent: '*', root cause: vscode.git
2024-09-12 15:51:22.853 [info] ExtensionService#_doActivateExtension vscode.git, startup: true, activationEvent: '*'
2024-09-12 15:51:22.871 [info] ExtensionService#_doActivateExtension vscode.github, startup: true, activationEvent: '*'
2024-09-12 15:51:22.906 [info] Eager extensions activated
2024-09-12 15:51:22.941 [info] ExtensionService#_doActivateExtension vscode.debug-auto-launch, startup: false, activationEvent: 'onStartupFinished'
2024-09-12 15:51:22.942 [info] ExtensionService#_doActivateExtension vscode.merge-conflict, startup: false, activationEvent: 'onStartupFinished'
2024-09-12 15:51:32.632 [info] ExtensionService#_doActivateExtension GitHub.codespaces, startup: false, activationEvent: 'onCommand:github.codespaces.connect'
2024-09-12 15:51:32.720 [info] ExtensionService#_doActivateExtension vscode.github-authentication, startup: false, activationEvent: 'api', root cause: GitHub.codespaces
2024-09-12 15:51:33.468 [error] Activating extension GitHub.codespaces failed due to an error:
2024-09-12 15:51:33.468 [error] Error: Extension 'GitHub.codespaces' CANNOT use API proposal: resolvers.
Its package.json#enabledApiProposals-property declares:  but NOT resolvers.
 The missing proposal MUST be added and you must start in extension development mode or use the following command line switch: --enable-proposed-api GitHub.codespaces
    at P (/usr/lib/code/out/vs/workbench/api/node/extensionHostProcess.js:149:59064)
    at Object.registerRemoteAuthorityResolver (/usr/lib/code/out/vs/workbench/api/node/extensionHostProcess.js:171:49796)
    at registerResolver (/home/alex/.vscode-oss/extensions/github.codespaces-1.17.3/src/abstractions/node/resolver.ts:39:32)
    at /home/alex/.vscode-oss/extensions/github.codespaces-1.17.3/src/extension.ts:126:22
    at Generator.next (<anonymous>)
    at fulfilled (/home/alex/.vscode-oss/extensions/github.codespaces-1.17.3/out/bundle/extension-node.js:1574:18906)
2024-09-12 15:51:54.578 [info] ExtensionService#_doActivateExtension vscode.emmet, startup: false, activationEvent: 'onLanguage'
2024-09-12 15:52:19.006 [info] Extension host terminating: renderer closed the MessagePort
2024-09-12 15:52:19.010 [info] Extension host with pid 229848 exiting with code 0
