2024-09-12 15:50:01.897 [info] Extension host with pid 228610 started
2024-09-12 15:50:01.948 [info] ExtensionService#_doActivateExtension vscode.git-base, startup: true, activationEvent: '*', root cause: vscode.git
2024-09-12 15:50:01.960 [info] ExtensionService#_doActivateExtension vscode.git, startup: true, activationEvent: '*'
2024-09-12 15:50:01.978 [info] ExtensionService#_doActivateExtension vscode.github, startup: true, activationEvent: '*'
2024-09-12 15:50:02.014 [info] Eager extensions activated
2024-09-12 15:50:02.024 [info] ExtensionService#_doActivateExtension vscode.debug-auto-launch, startup: false, activationEvent: 'onStartupFinished'
2024-09-12 15:50:02.026 [info] ExtensionService#_doActivateExtension vscode.merge-conflict, startup: false, activationEvent: 'onStartupFinished'
2024-09-12 15:50:04.746 [info] ExtensionService#_doActivateExtension GitHub.codespaces, startup: false, activationEvent: 'onUri:github.codespaces'
2024-09-12 15:50:05.032 [info] ExtensionService#_doActivateExtension vscode.github-authentication, startup: false, activationEvent: 'api', root cause: GitHub.codespaces
2024-09-12 15:50:05.843 [error] Activating extension GitHub.codespaces failed due to an error:
2024-09-12 15:50:05.843 [error] Error: Extension 'GitHub.codespaces' CANNOT use API proposal: resolvers.
Its package.json#enabledApiProposals-property declares:  but NOT resolvers.
 The missing proposal MUST be added and you must start in extension development mode or use the following command line switch: --enable-proposed-api GitHub.codespaces
    at P (/usr/lib/code/out/vs/workbench/api/node/extensionHostProcess.js:149:59064)
    at Object.registerRemoteAuthorityResolver (/usr/lib/code/out/vs/workbench/api/node/extensionHostProcess.js:171:49796)
    at registerResolver (/home/alex/.vscode-oss/extensions/github.codespaces-1.17.3/src/abstractions/node/resolver.ts:39:32)
    at /home/alex/.vscode-oss/extensions/github.codespaces-1.17.3/src/extension.ts:126:22
    at Generator.next (<anonymous>)
    at fulfilled (/home/alex/.vscode-oss/extensions/github.codespaces-1.17.3/out/bundle/extension-node.js:1574:18906)
2024-09-12 15:50:13.103 [info] Extension host terminating: renderer closed the MessagePort
2024-09-12 15:50:13.106 [info] Extension host with pid 228610 exiting with code 0
