2024-09-12 15:47:58.622 [info] Added views:workbench.panel.markers.view in workbench.panel.markers
2024-09-12 15:47:58.622 [info] Added views:workbench.panel.output in workbench.panel.output
2024-09-12 15:47:58.622 [info] Added views:terminal in terminal
2024-09-12 15:47:58.622 [info] Added views:outline in workbench.view.explorer
2024-09-12 15:47:58.622 [info] Added views:workbench.scm in workbench.view.scm
2024-09-12 15:47:58.622 [info] Added views:workbench.view.search in workbench.view.search
2024-09-12 15:47:58.622 [info] Added views:timeline in workbench.view.explorer
2024-09-12 15:47:58.622 [info] Added views:workbench.explorer.emptyView in workbench.view.explorer
2024-09-12 15:47:59.036 [info] Added views:workbench.debug.variablesView,workbench.debug.watchExpressionsView,workbench.debug.callStackView,workbench.debug.breakPointsView in workbench.view.debug
2024-09-12 15:47:59.048 [info] Added views:workbench.panel.repl.view in workbench.panel.repl
2024-09-12 15:47:59.049 [info] Removed views:workbench.debug.breakPointsView,workbench.debug.callStackView,workbench.debug.watchExpressionsView,workbench.debug.variablesView from workbench.view.debug
2024-09-12 15:47:59.049 [info] Added views:workbench.debug.welcome in workbench.view.debug
2024-09-12 15:47:59.157 [info] Added views:~remote.forwardedPorts in ~remote.forwardedPortsContainer
2024-09-12 15:48:06.103 [info] Added views:workbench.views.extensions.installed,workbench.views.extensions.popular,extensions.recommendedList in workbench.view.extensions
2024-09-12 15:48:06.104 [info] Removed views:workbench.views.extensions.popular from workbench.view.extensions
2024-09-12 15:48:06.353 [info] Added views:workbench.views.extensions.popular in workbench.view.extensions
2024-09-12 15:48:10.589 [info] Removed views:extensions.recommendedList,workbench.views.extensions.popular,workbench.views.extensions.installed from workbench.view.extensions
2024-09-12 15:48:10.594 [info] Added views:workbench.views.extensions.marketplace in workbench.view.extensions
2024-09-12 15:49:40.946 [info] Removed views:workbench.views.extensions.marketplace from workbench.view.extensions
2024-09-12 15:49:40.956 [info] Added views:workbench.views.extensions.installed,workbench.views.extensions.popular,extensions.recommendedList in workbench.view.extensions
