2024-09-19 22:21:39.016 [info] Started local extension host with pid 457285.
2024-09-19 22:21:39.256 [info] Invoking resolveAuthority(ssh-remote)...
2024-09-19 22:21:39.256 [info] [LocalProcess0][resolveAuthority(ssh-remote,1)][0ms] obtaining proxy...
2024-09-19 22:21:39.256 [info] [LocalProcess0][resolveAuthority(ssh-remote,1)][0ms] invoking...
2024-09-19 22:21:40.257 [info] [LocalProcess0][resolveAuthority(ssh-remote,1)][1000ms] waiting...
2024-09-19 22:21:41.257 [info] [LocalProcess0][resolveAuthority(ssh-remote,1)][2000ms] waiting...
2024-09-19 22:21:42.257 [info] [LocalProcess0][resolveAuthority(ssh-remote,1)][3000ms] waiting...
2024-09-19 22:21:43.257 [info] [LocalProcess0][resolveAuthority(ssh-remote,1)][4000ms] waiting...
2024-09-19 22:21:44.044 [info] [LocalProcess0][resolveAuthority(ssh-remote,1)][4787ms] returned Managed(1)
2024-09-19 22:21:44.044 [info] resolveAuthority(ssh-remote) returned 'Managed(1)' after 4787 ms
2024-09-19 22:21:44.045 [info] Creating a socket (renderer-Management-80492ecc-3241-48b4-bcab-6e5265abae88)...
2024-09-19 22:21:44.045 [info] Creating a socket (renderer-ExtensionHost-e7b0afea-168c-451a-b4be-21962e4de6e6)...
2024-09-19 22:21:46.240 [info] Creating a socket (renderer-ExtensionHost-e7b0afea-168c-451a-b4be-21962e4de6e6) was successful after 2194 ms.
2024-09-19 22:21:46.288 [info] Creating a socket (renderer-Management-80492ecc-3241-48b4-bcab-6e5265abae88) was successful after 2196 ms.
2024-09-19 22:21:48.457 [warning] Ignoring the error while validating workspace folder vscode-remote://ssh-remote%2Bnewvps/root/bot - Error: ENOENT: no such file or directory, stat '/root/bot'
2024-09-19 22:21:48.458 [error] Error: The editor could not be opened because the file was not found.
    at N.gc (vscode-file://vscode-app/opt/visual-studio-code/resources/app/out/vs/workbench/workbench.desktop.main.js:2451:30725)
    at async N.setInput (vscode-file://vscode-app/opt/visual-studio-code/resources/app/out/vs/workbench/workbench.desktop.main.js:2451:29589)
    at async o.S (vscode-file://vscode-app/opt/visual-studio-code/resources/app/out/vs/workbench/workbench.desktop.main.js:2449:24889)
    at async o.L (vscode-file://vscode-app/opt/visual-studio-code/resources/app/out/vs/workbench/workbench.desktop.main.js:2449:23416)
    at async o.openEditor (vscode-file://vscode-app/opt/visual-studio-code/resources/app/out/vs/workbench/workbench.desktop.main.js:2449:22399)
    at async vscode-file://vscode-app/opt/visual-studio-code/resources/app/out/vs/workbench/workbench.desktop.main.js:2577:27047
2024-09-19 22:21:48.461 [error] Unable to resolve nonexistent file 'vscode-remote://ssh-remote+newvps/root/bot': Error: Unable to resolve nonexistent file 'vscode-remote://ssh-remote+newvps/root/bot'
    at r.resolve (vscode-file://vscode-app/opt/visual-studio-code/resources/app/out/vs/workbench/workbench.desktop.main.js:673:14526)
    at async d.j (vscode-file://vscode-app/opt/visual-studio-code/resources/app/out/vs/workbench/workbench.desktop.main.js:1916:52398)
2024-09-19 22:21:50.635 [info] [perf] Render performance baseline is 20ms
