[22:54:41.827] Log Level: 2
[22:54:41.829] VS Code version: 1.93.1
[22:54:41.830] Remote-SSH version: remote-ssh@0.114.3
[22:54:41.830] linux x64
[22:54:41.831] SSH Resolver called for "ssh-remote+newvps", attempt 1
[22:54:41.831] "remote.SSH.useLocalServer": true
[22:54:41.831] "remote.SSH.useExecServer": true
[22:54:41.831] "remote.SSH.path": undefined
[22:54:41.831] "remote.SSH.configFile": undefined
[22:54:41.831] "remote.SSH.useFlock": true
[22:54:41.831] "remote.SSH.lockfilesInTmp": false
[22:54:41.831] "remote.SSH.localServerDownload": auto
[22:54:41.831] "remote.SSH.remoteServerListenOnSocket": false
[22:54:41.831] "remote.SSH.showLoginTerminal": false
[22:54:41.831] "remote.SSH.defaultExtensions": []
[22:54:41.832] "remote.SSH.loglevel": 2
[22:54:41.832] "remote.SSH.enableDynamicForwarding": true
[22:54:41.832] "remote.SSH.enableRemoteCommand": false
[22:54:41.832] "remote.SSH.serverPickPortsFromRange": {}
[22:54:41.832] "remote.SSH.serverInstallPath": {}
[22:54:41.832] "remote.SSH.permitPtyAllocation": false
[22:54:41.832] "remote.SSH.preferredLocalPortRange: undefined
[22:54:41.832] "remote.SSH.useCurlAndWgetConfigurationFiles: false
[22:54:41.836] SSH Resolver called for host: newvps
[22:54:41.836] Setting up SSH remote "newvps"
[22:54:41.838] Acquiring local install lock: /tmp/vscode-remote-ssh-6929eaf4-install.lock
[22:54:41.841] Looking for existing server data file at /home/alex/.config/Code/User/globalStorage/ms-vscode-remote.remote-ssh/vscode-ssh-host-6929eaf4-38c31bc77e0dd6ae88a4e9cc93428cc27a56ba40-0.114.3-es/data.json
[22:54:41.841] No existing data file
[22:54:41.841] Using commit id "38c31bc77e0dd6ae88a4e9cc93428cc27a56ba40" and quality "stable" for server
[22:54:41.841] Script variables:
 {
  "InstallExitCode.24": "AlreadyInProgress",
  "InstallExitCode.25": "ServerDownloadFailed",
  "InstallExitCode.26": "NoDownloaderAvailable",
  "InstallExitCode.27": "UnsupportedArch",
  "InstallExitCode.28": "StatusCheckFailed",
  "InstallExitCode.29": "NeedInsidersArch",
  "InstallExitCode.30": "NoDownloaderAvailableForStatusCheck",
  "InstallExitCode.31": "ServerTransferFailed",
  "InstallExitCode.32": "ServerFailedToStart",
  "InstallExitCode.33": "NeedInsidersWindows",
  "InstallExitCode.34": "CreateInstallDirFailed",
  "InstallExitCode.35": "UnsupportedPlatform",
  "InstallExitCode.36": "ServerTerminatedCVE20201416",
  "InstallExitCode.37": "UnpackFailed",
  "InstallExitCode.38": "ChangeDirFailed",
  "InstallExitCode.AlreadyInProgress": "24",
  "InstallExitCode.ServerDownloadFailed": "25",
  "InstallExitCode.NoDownloaderAvailable": "26",
  "InstallExitCode.NoDownloaderAvailableForStatusCheck": "30",
  "InstallExitCode.UnsupportedArch": "27",
  "InstallExitCode.StatusCheckFailed": "28",
  "InstallExitCode.NeedInsidersArch": "29",
  "InstallExitCode.ServerTransferFailed": "31",
  "InstallExitCode.ServerFailedToStart": "32",
  "InstallExitCode.NeedInsidersWindows": "33",
  "InstallExitCode.CreateInstallDirFailed": "34",
  "InstallExitCode.UnsupportedPlatform": "35",
  "InstallExitCode.ServerTerminatedCVE20201416": "36",
  "InstallExitCode.UnpackFailed": "37",
  "InstallExitCode.ChangeDirFailed": "38",
  "InstallUnpackCode.Success": "success",
  "InstallUnpackCode.Error": "error",
  "InstallUnpackCode.MissingFiles": "missingFiles",
  "uuid": "4a9161462925",
  "startMarker": "4a9161462925: running",
  "commitId": "38c31bc77e0dd6ae88a4e9cc93428cc27a56ba40",
  "quality": "stable",
  "token": "111111a1-1aa1-1aa1-111a-111a1a11aa11",
  "vscodeAgentFolder": "$HOME/.vscode-server",
  "allowClientDownload": "1",
  "forceClientDownload": "0",
  "cliNameInArchive": "code",
  "ignoreWgetConfigFlag": " --no-config ",
  "ignoreCurlConfigFlag": " --disable ",
  "wgetTriesSegment": "--tries=1",
  "listenArgs": "--on-host=127.0.0.1 --on-port",
  "getDownloadServerStartTrigger": "4a9161462925:trigger_server_download",
  "getDownloadServerEndTrigger": "4a9161462925:trigger_server_download_end",
  "getProgressDownloading": "4a9161462925%%1%%",
  "getProgressInstalling": "4a9161462925%%2%%"
}
[22:54:41.843] Install and start server if needed
[22:54:41.844] PATH: /home/alex/.local/bin:/usr/condabin:/usr/local/sbin:/usr/local/bin:/usr/bin:/opt/android-ndk:/usr/lib/jvm/default/bin:/usr/bin/site_perl:/usr/bin/vendor_perl:/usr/bin/core_perl:/home/alex/.local/share/bin
[22:54:41.844] Checking ssh with "ssh -V"
[22:54:41.850] > OpenSSH_9.8p1, OpenSSL 3.3.2 3 Sep 2024

[22:54:41.853] askpass server listening on /run/user/1000/vscode-ssh-askpass-0f866cf1dbc22de5e87e58383bd22a9d9f67552b.sock
[22:54:41.853] Spawning local server with {"serverId":1,"ipcHandlePath":"/run/user/1000/vscode-ssh-askpass-91aee6edc480eefd36a36e945e8767a1e4e9cd61.sock","sshCommand":"ssh","sshArgs":["-v","-T","-D","32837","-o","ConnectTimeout=15","newvps"],"serverDataFolderName":".vscode-server","dataFilePath":"/home/alex/.config/Code/User/globalStorage/ms-vscode-remote.remote-ssh/vscode-ssh-host-6929eaf4-38c31bc77e0dd6ae88a4e9cc93428cc27a56ba40-0.114.3-es/data.json"}
[22:54:41.853] Local server env: {"SHELL":"/usr/bin/fish","DISPLAY":":1","ELECTRON_RUN_AS_NODE":"1","SSH_ASKPASS":"/home/alex/.vscode/extensions/ms-vscode-remote.remote-ssh-0.114.3/out/local-server/askpass.sh","VSCODE_SSH_ASKPASS_NODE":"/opt/visual-studio-code/code","VSCODE_SSH_ASKPASS_EXTRA_ARGS":"","VSCODE_SSH_ASKPASS_MAIN":"/home/alex/.vscode/extensions/ms-vscode-remote.remote-ssh-0.114.3/out/askpass-main.js","VSCODE_SSH_ASKPASS_HANDLE":"/run/user/1000/vscode-ssh-askpass-0f866cf1dbc22de5e87e58383bd22a9d9f67552b.sock"}
[22:54:41.856] Spawned 492058
[22:54:41.935] > local-server-1> Running ssh connection command: ssh -v -T -D 32837 -o ConnectTimeout=15 newvps
[22:54:41.938] > local-server-1> Spawned ssh, pid=492066
[22:54:41.940] stderr> OpenSSH_9.8p1, OpenSSL 3.3.2 3 Sep 2024
[22:54:42.755] stderr> debug1: Server host key: ssh-ed25519 SHA256:hA4r5UJvjj3xa25a4ofmUno++wxBv2mQW197Afs4Jdw
[22:54:43.678] stderr> Authenticated to 109.199.121.208 ([109.199.121.208]:22) using "publickey".
[22:54:44.438] > Welcome to Ubuntu 20.04.6 LTS (GNU/Linux 5.4.0-196-generic x86_64)
> 
>  * Documentation:  https://help.ubuntu.com
>  * Management:     https://landscape.canonical.com
>  * Support:        https://ubuntu.com/pro
> New release '22.04.5 LTS' available.
> Run 'do-release-upgrade' to upgrade to it.
> 
>   _____
>  / ___/___  _  _ _____ _   ___  ___
> | |   / _ \| \| |_   _/ \ | _ )/ _ \
> | |__| (_) | .` | | |/ _ \| _ \ (_) |
>  \____\___/|_|\_| |_/_/ \_|___/\___/
> 
> Welcome!
> 
> This server is hosted by Contabo. If you have any questions or need help,
> please don't hesitate to contact us at support@contabo.com.
[22:54:44.608] > ready: 4a9161462925
[22:54:44.901] > Linux 5.4.0-196-generic #216-Ubuntu SMP Thu Aug 29 13:26:53 UTC 2024
[22:54:44.901] Platform: linux
[22:54:45.097] > /bin/bash
[22:54:45.097] Parent Shell: bash
[22:54:45.097] Parent Shell pid: 492058
[22:54:45.288] > 89020
[22:54:45.288] Waiting for pid of spawned 'sh' subshell: '89020'...
[22:54:45.338] > 89020
[22:54:45.397] > 89020
[22:54:45.447] > 89020
[22:54:45.509] > 4a9161462925: running
> Script executing under PID: 89020
[22:54:45.585] > Found existing installation at /root/.vscode-server...
> Starting VS Code CLI...
> printenv:
[22:54:45.587] >     LANGUAGE=en_US:
>     USER=root
>     SSH_CLIENT=146.196.47.135 37066 22
>     XDG_SESSION_TYPE=tty
>     SHLVL=1
>     MOTD_SHOWN=pam
>     HOME=/root
>     LOGNAME=root
>     _=/usr/bin/sh
>     XDG_SESSION_CLASS=user
>     XDG_SESSION_ID=74
>     PATH=/usr/local/sbin:/usr/local/bin:/usr/sbin:/usr/bin:/sbin:/bin:/usr/games:/usr/local/games:/snap/bin
>     XDG_RUNTIME_DIR=/run/user/0
>     LANG=en_US.UTF-8
>     SHELL=/bin/bash
>     PWD=/root
>     SSH_CONNECTION=146.196.47.135 37066 109.199.121.208 22
[22:54:45.593] > Removing old logfile at /root/.vscode-server/.cli.38c31bc77e0dd6ae88a4e9cc93428cc27a56ba40.log
[22:54:45.594] > Spawned remote CLI: 89039
[22:54:45.621] > Waiting for server log...
[22:54:45.659] > Waiting for server log...
[22:54:45.727] > Waiting for server log...
[22:54:45.769] > Waiting for server log...
[22:54:45.816] > 4a9161462925: start
> listeningOn==127.0.0.1:42605==
> osReleaseId==ubuntu==
> arch==x86_64==
> vscodeArch==x64==
> bitness==64==
> tmpDir==/run/user/0==
> platform==linux==
> unpackResult====
> didLocalDownload==0==
> downloadTime====
> installTime====
> serverStartTime==224==
> execServerToken==111111a1-1aa1-1aa1-111a-111a1a11aa11==
> platformDownloadPath==cli-alpine-x64==
> 4a9161462925: end
[22:54:45.816] Received install output: 
listeningOn==127.0.0.1:42605==
osReleaseId==ubuntu==
arch==x86_64==
vscodeArch==x64==
bitness==64==
tmpDir==/run/user/0==
platform==linux==
unpackResult====
didLocalDownload==0==
downloadTime====
installTime====
serverStartTime==224==
execServerToken==111111a1-1aa1-1aa1-111a-111a1a11aa11==
platformDownloadPath==cli-alpine-x64==

[22:54:45.816] Remote server is listening on port 42605
[22:54:45.816] Parsed server configuration: {"serverConfiguration":{"remoteListeningOn":{"port":42605},"osReleaseId":"ubuntu","arch":"x86_64","tmpDir":"/run/user/0","platform":"linux","execServerToken":"111111a1-1aa1-1aa1-111a-111a1a11aa11"},"serverStartTime":224,"installUnpackCode":""}
[22:54:45.816] Persisting server connection details to /home/alex/.config/Code/User/globalStorage/ms-vscode-remote.remote-ssh/vscode-ssh-host-6929eaf4-38c31bc77e0dd6ae88a4e9cc93428cc27a56ba40-0.114.3-es/data.json
[22:54:45.818] Starting forwarding server. local port 38067 -> socksPort 32837 -> remotePort 42605
[22:54:45.818] Forwarding server listening on port 38067
[22:54:45.818] Waiting for ssh tunnel to be ready
[22:54:45.819] [Forwarding server port 38067] Got connection 0
[22:54:45.819] Tunneled port 42605 to local port 38067
[22:54:45.819] Resolved "ssh-remote+newvps" to "port 38067"
[22:54:45.824] Initizing new exec server for ssh-remote+newvps
[22:54:45.824] Resolving exec server at port 38067
[22:54:45.841] [Forwarding server port 38067] Got connection 1
[22:54:46.429] Exec server for ssh-remote+newvps created and cached
[22:54:46.432] ------




[22:54:46.624] [server] Checking /root/.vscode-server/cli/servers/Stable-38c31bc77e0dd6ae88a4e9cc93428cc27a56ba40/log.txt and /root/.vscode-server/cli/servers/Stable-38c31bc77e0dd6ae88a4e9cc93428cc27a56ba40/pid.txt for a running server...
[22:54:46.665] [server] Found running server (pid=83248)
