[03:14:10.736] Log Level: 2
[03:14:10.738] VS Code version: 1.93.1
[03:14:10.738] Remote-SSH version: remote-ssh@0.114.3
[03:14:10.738] linux x64
[03:14:10.741] SSH Resolver called for "ssh-remote+oracle", attempt 1
[03:14:10.741] "remote.SSH.useLocalServer": true
[03:14:10.741] "remote.SSH.useExecServer": true
[03:14:10.741] "remote.SSH.path": undefined
[03:14:10.741] "remote.SSH.configFile": undefined
[03:14:10.741] "remote.SSH.useFlock": true
[03:14:10.741] "remote.SSH.lockfilesInTmp": false
[03:14:10.741] "remote.SSH.localServerDownload": auto
[03:14:10.741] "remote.SSH.remoteServerListenOnSocket": false
[03:14:10.741] "remote.SSH.showLoginTerminal": false
[03:14:10.741] "remote.SSH.defaultExtensions": []
[03:14:10.742] "remote.SSH.loglevel": 2
[03:14:10.742] "remote.SSH.enableDynamicForwarding": true
[03:14:10.742] "remote.SSH.enableRemoteCommand": false
[03:14:10.742] "remote.SSH.serverPickPortsFromRange": {}
[03:14:10.742] "remote.SSH.serverInstallPath": {}
[03:14:10.742] "remote.SSH.permitPtyAllocation": false
[03:14:10.742] "remote.SSH.preferredLocalPortRange: undefined
[03:14:10.742] "remote.SSH.useCurlAndWgetConfigurationFiles: false
[03:14:10.747] SSH Resolver called for host: oracle
[03:14:10.747] Setting up SSH remote "oracle"
[03:14:10.749] Acquiring local install lock: /tmp/vscode-remote-ssh-f4e20ef7-install.lock
[03:14:10.752] Looking for existing server data file at /home/alex/.config/Code/User/globalStorage/ms-vscode-remote.remote-ssh/vscode-ssh-host-f4e20ef7-38c31bc77e0dd6ae88a4e9cc93428cc27a56ba40-0.114.3-es/data.json
[03:14:10.752] No existing data file
[03:14:10.752] Using commit id "38c31bc77e0dd6ae88a4e9cc93428cc27a56ba40" and quality "stable" for server
[03:14:10.753] Script variables:
 {
  "InstallExitCode.24": "AlreadyInProgress",
  "InstallExitCode.25": "ServerDownloadFailed",
  "InstallExitCode.26": "NoDownloaderAvailable",
  "InstallExitCode.27": "UnsupportedArch",
  "InstallExitCode.28": "StatusCheckFailed",
  "InstallExitCode.29": "NeedInsidersArch",
  "InstallExitCode.30": "NoDownloaderAvailableForStatusCheck",
  "InstallExitCode.31": "ServerTransferFailed",
  "InstallExitCode.32": "ServerFailedToStart",
  "InstallExitCode.33": "NeedInsidersWindows",
  "InstallExitCode.34": "CreateInstallDirFailed",
  "InstallExitCode.35": "UnsupportedPlatform",
  "InstallExitCode.36": "ServerTerminatedCVE20201416",
  "InstallExitCode.37": "UnpackFailed",
  "InstallExitCode.38": "ChangeDirFailed",
  "InstallExitCode.AlreadyInProgress": "24",
  "InstallExitCode.ServerDownloadFailed": "25",
  "InstallExitCode.NoDownloaderAvailable": "26",
  "InstallExitCode.NoDownloaderAvailableForStatusCheck": "30",
  "InstallExitCode.UnsupportedArch": "27",
  "InstallExitCode.StatusCheckFailed": "28",
  "InstallExitCode.NeedInsidersArch": "29",
  "InstallExitCode.ServerTransferFailed": "31",
  "InstallExitCode.ServerFailedToStart": "32",
  "InstallExitCode.NeedInsidersWindows": "33",
  "InstallExitCode.CreateInstallDirFailed": "34",
  "InstallExitCode.UnsupportedPlatform": "35",
  "InstallExitCode.ServerTerminatedCVE20201416": "36",
  "InstallExitCode.UnpackFailed": "37",
  "InstallExitCode.ChangeDirFailed": "38",
  "InstallUnpackCode.Success": "success",
  "InstallUnpackCode.Error": "error",
  "InstallUnpackCode.MissingFiles": "missingFiles",
  "uuid": "15400798206f",
  "startMarker": "15400798206f: running",
  "commitId": "38c31bc77e0dd6ae88a4e9cc93428cc27a56ba40",
  "quality": "stable",
  "token": "1111a11a-1aa1-1aaa-1a11-a111aaa1aa11",
  "vscodeAgentFolder": "$HOME/.vscode-server",
  "allowClientDownload": "1",
  "forceClientDownload": "0",
  "cliNameInArchive": "code",
  "ignoreWgetConfigFlag": " --no-config ",
  "ignoreCurlConfigFlag": " --disable ",
  "wgetTriesSegment": "--tries=1",
  "listenArgs": "--on-host=127.0.0.1 --on-port",
  "getDownloadServerStartTrigger": "15400798206f:trigger_server_download",
  "getDownloadServerEndTrigger": "15400798206f:trigger_server_download_end",
  "getProgressDownloading": "15400798206f%%1%%",
  "getProgressInstalling": "15400798206f%%2%%"
}
[03:14:10.754] Install and start server if needed
[03:14:10.756] PATH: /home/alex/.local/bin:/usr/condabin:/usr/local/sbin:/usr/local/bin:/usr/bin:/opt/android-ndk:/usr/lib/jvm/default/bin:/usr/bin/site_perl:/usr/bin/vendor_perl:/usr/bin/core_perl:/home/alex/.local/share/bin
[03:14:10.756] Checking ssh with "ssh -V"
[03:14:10.764] > OpenSSH_9.8p1, OpenSSL 3.3.2 3 Sep 2024

[03:14:10.766] askpass server listening on /run/user/1000/vscode-ssh-askpass-998859d6e99558804985445440c438a314bfff6e.sock
[03:14:10.766] Spawning local server with {"serverId":1,"ipcHandlePath":"/run/user/1000/vscode-ssh-askpass-3ef8b95c2cbb284930e8a35afba739b1ae66c097.sock","sshCommand":"ssh","sshArgs":["-v","-T","-D","46689","-o","ConnectTimeout=15","oracle"],"serverDataFolderName":".vscode-server","dataFilePath":"/home/alex/.config/Code/User/globalStorage/ms-vscode-remote.remote-ssh/vscode-ssh-host-f4e20ef7-38c31bc77e0dd6ae88a4e9cc93428cc27a56ba40-0.114.3-es/data.json"}
[03:14:10.766] Local server env: {"SHELL":"/usr/bin/fish","DISPLAY":":1","ELECTRON_RUN_AS_NODE":"1","SSH_ASKPASS":"/home/alex/.vscode/extensions/ms-vscode-remote.remote-ssh-0.114.3/out/local-server/askpass.sh","VSCODE_SSH_ASKPASS_NODE":"/opt/visual-studio-code/code","VSCODE_SSH_ASKPASS_EXTRA_ARGS":"","VSCODE_SSH_ASKPASS_MAIN":"/home/alex/.vscode/extensions/ms-vscode-remote.remote-ssh-0.114.3/out/askpass-main.js","VSCODE_SSH_ASKPASS_HANDLE":"/run/user/1000/vscode-ssh-askpass-998859d6e99558804985445440c438a314bfff6e.sock"}
[03:14:10.770] Spawned 596483
[03:14:10.863] > local-server-1> Running ssh connection command: ssh -v -T -D 46689 -o ConnectTimeout=15 oracle
[03:14:10.867] > local-server-1> Spawned ssh, pid=596492
[03:14:10.871] stderr> OpenSSH_9.8p1, OpenSSL 3.3.2 3 Sep 2024
[03:14:11.070] stderr> debug1: Server host key: ssh-ed25519 SHA256:Wp4vqeN44Nhcwud1buLafn3ChdilgZpLihXlN1E+qIE
[03:14:11.361] stderr> Authenticated to 140.238.241.42 ([140.238.241.42]:22) using "publickey".
[03:14:11.815] > Welcome to Ubuntu 20.04.6 LTS (GNU/Linux 5.15.0-1059-oracle aarch64)
> 
>  * Documentation:  https://help.ubuntu.com
>  * Management:     https://landscape.canonical.com
>  * Support:        https://ubuntu.com/pro
> 
>  System information as of Wed Sep 18 21:44:11 UTC 2024
> 
>   System load:  0.02              Processes:               186
>   Usage of /:   7.3% of 44.96GB   Users logged in:         1
>   Memory usage: 4%                IPv4 address for enp0s6: 10.0.0.93
>   Swap usage:   0%
> 
> 
> Expanded Security Maintenance for Applications is not enabled.
> 
> 0 updates can be applied immediately.
> 
> 7 additional security updates can be applied with ESM Apps.
> Learn more about enabling ESM Apps service at https://ubuntu.com/esm
> 
> New release '22.04.5 LTS' available.
> Run 'do-release-upgrade' to upgrade to it.
> 
> 
> *** System restart required ***
[03:14:11.861] > ready: 15400798206f
[03:14:11.908] > Linux 5.15.0-1059-oracle #65~20.04.1-Ubuntu SMP Fri Apr 19 19:01:19 UTC 2024
[03:14:11.908] Platform: linux
[03:14:11.955] > /bin/bash
[03:14:11.955] Parent Shell: bash
[03:14:11.956] Parent Shell pid: 596483
[03:14:12.003] > 39126
[03:14:12.003] Waiting for pid of spawned 'sh' subshell: '39126'...
[03:14:12.058] > 15400798206f: running
> Script executing under PID: 39126
[03:14:12.064] > Found existing installation at /home/ubuntu/.vscode-server...
> Starting VS Code CLI...
> printenv:
[03:14:12.065] >     USER=ubuntu
>     SSH_CLIENT=146.196.47.135 35860 22
>     XDG_SESSION_TYPE=tty
>     SHLVL=1
>     MOTD_SHOWN=pam
>     HOME=/home/ubuntu
>     DBUS_SESSION_BUS_ADDRESS=unix:path=/run/user/1001/bus
>     LOGNAME=ubuntu
>     _=/usr/bin/sh
>     XDG_SESSION_CLASS=user
>     XDG_SESSION_ID=11
>     PATH=/usr/local/sbin:/usr/local/bin:/usr/sbin:/usr/bin:/sbin:/bin:/usr/games:/usr/local/games:/snap/bin
>     XDG_RUNTIME_DIR=/run/user/1001
>     LANG=C.UTF-8
>     SHELL=/bin/bash
>     PWD=/home/ubuntu
>     SSH_CONNECTION=146.196.47.135 35860 10.0.0.93 22
>     XDG_DATA_DIRS=/usr/local/share:/usr/share:/var/lib/snapd/desktop
[03:14:12.066] > Removing old logfile at /home/ubuntu/.vscode-server/.cli.38c31bc77e0dd6ae88a4e9cc93428cc27a56ba40.log
[03:14:12.067] > Spawned remote CLI: 39144
[03:14:12.070] > Waiting for server log...
[03:14:12.104] > 15400798206f: start
> listeningOn==127.0.0.1:35303==
> osReleaseId==ubuntu==
> arch==aarch64==
> vscodeArch==arm64==
> bitness==64==
> tmpDir==/run/user/1001==
> platform==linux==
> unpackResult====
> didLocalDownload==0==
> downloadTime====
> installTime====
> serverStartTime==37==
> execServerToken==1111a11a-1aa1-1aaa-1a11-a111aaa1aa11==
> platformDownloadPath==cli-alpine-arm64==
> 15400798206f: end
[03:14:12.105] Received install output: 
listeningOn==127.0.0.1:35303==
osReleaseId==ubuntu==
arch==aarch64==
vscodeArch==arm64==
bitness==64==
tmpDir==/run/user/1001==
platform==linux==
unpackResult====
didLocalDownload==0==
downloadTime====
installTime====
serverStartTime==37==
execServerToken==1111a11a-1aa1-1aaa-1a11-a111aaa1aa11==
platformDownloadPath==cli-alpine-arm64==

[03:14:12.105] Remote server is listening on port 35303
[03:14:12.105] Parsed server configuration: {"serverConfiguration":{"remoteListeningOn":{"port":35303},"osReleaseId":"ubuntu","arch":"aarch64","tmpDir":"/run/user/1001","platform":"linux","execServerToken":"1111a11a-1aa1-1aaa-1a11-a111aaa1aa11"},"serverStartTime":37,"installUnpackCode":""}
[03:14:12.105] ** Note: Support for architecture "aarch64" is in preview **
[03:14:12.105] Persisting server connection details to /home/alex/.config/Code/User/globalStorage/ms-vscode-remote.remote-ssh/vscode-ssh-host-f4e20ef7-38c31bc77e0dd6ae88a4e9cc93428cc27a56ba40-0.114.3-es/data.json
[03:14:12.108] Starting forwarding server. local port 38679 -> socksPort 46689 -> remotePort 35303
[03:14:12.109] Forwarding server listening on port 38679
[03:14:12.109] Waiting for ssh tunnel to be ready
[03:14:12.110] [Forwarding server port 38679] Got connection 0
[03:14:12.110] Tunneled port 35303 to local port 38679
[03:14:12.110] Resolved "ssh-remote+oracle" to "port 38679"
[03:14:12.115] Initizing new exec server for ssh-remote+oracle
[03:14:12.115] Resolving exec server at port 38679
[03:14:12.132] [Forwarding server port 38679] Got connection 1
[03:14:12.281] Exec server for ssh-remote+oracle created and cached
[03:14:12.284] ------




[03:14:12.345] [server] Checking /home/ubuntu/.vscode-server/cli/servers/Stable-38c31bc77e0dd6ae88a4e9cc93428cc27a56ba40/log.txt and /home/ubuntu/.vscode-server/cli/servers/Stable-38c31bc77e0dd6ae88a4e9cc93428cc27a56ba40/pid.txt for a running server...
[03:14:12.386] [server] Found running server (pid=30418)
