[22:21:39.253] Log Level: 2
[22:21:39.256] VS Code version: 1.93.1
[22:21:39.256] Remote-SSH version: remote-ssh@0.114.3
[22:21:39.256] linux x64
[22:21:39.257] SSH Resolver called for "ssh-remote+newvps", attempt 1
[22:21:39.257] "remote.SSH.useLocalServer": true
[22:21:39.258] "remote.SSH.useExecServer": true
[22:21:39.258] "remote.SSH.path": undefined
[22:21:39.258] "remote.SSH.configFile": undefined
[22:21:39.258] "remote.SSH.useFlock": true
[22:21:39.258] "remote.SSH.lockfilesInTmp": false
[22:21:39.258] "remote.SSH.localServerDownload": auto
[22:21:39.258] "remote.SSH.remoteServerListenOnSocket": false
[22:21:39.258] "remote.SSH.showLoginTerminal": false
[22:21:39.258] "remote.SSH.defaultExtensions": []
[22:21:39.258] "remote.SSH.loglevel": 2
[22:21:39.258] "remote.SSH.enableDynamicForwarding": true
[22:21:39.258] "remote.SSH.enableRemoteCommand": false
[22:21:39.258] "remote.SSH.serverPickPortsFromRange": {}
[22:21:39.258] "remote.SSH.serverInstallPath": {}
[22:21:39.259] "remote.SSH.permitPtyAllocation": false
[22:21:39.259] "remote.SSH.preferredLocalPortRange: undefined
[22:21:39.259] "remote.SSH.useCurlAndWgetConfigurationFiles: false
[22:21:39.263] SSH Resolver called for host: newvps
[22:21:39.263] Setting up SSH remote "newvps"
[22:21:39.265] Acquiring local install lock: /tmp/vscode-remote-ssh-6929eaf4-install.lock
[22:21:39.268] Looking for existing server data file at /home/alex/.config/Code/User/globalStorage/ms-vscode-remote.remote-ssh/vscode-ssh-host-6929eaf4-38c31bc77e0dd6ae88a4e9cc93428cc27a56ba40-0.114.3-es/data.json
[22:21:39.268] No existing data file
[22:21:39.268] Using commit id "38c31bc77e0dd6ae88a4e9cc93428cc27a56ba40" and quality "stable" for server
[22:21:39.269] Script variables:
 {
  "InstallExitCode.24": "AlreadyInProgress",
  "InstallExitCode.25": "ServerDownloadFailed",
  "InstallExitCode.26": "NoDownloaderAvailable",
  "InstallExitCode.27": "UnsupportedArch",
  "InstallExitCode.28": "StatusCheckFailed",
  "InstallExitCode.29": "NeedInsidersArch",
  "InstallExitCode.30": "NoDownloaderAvailableForStatusCheck",
  "InstallExitCode.31": "ServerTransferFailed",
  "InstallExitCode.32": "ServerFailedToStart",
  "InstallExitCode.33": "NeedInsidersWindows",
  "InstallExitCode.34": "CreateInstallDirFailed",
  "InstallExitCode.35": "UnsupportedPlatform",
  "InstallExitCode.36": "ServerTerminatedCVE20201416",
  "InstallExitCode.37": "UnpackFailed",
  "InstallExitCode.38": "ChangeDirFailed",
  "InstallExitCode.AlreadyInProgress": "24",
  "InstallExitCode.ServerDownloadFailed": "25",
  "InstallExitCode.NoDownloaderAvailable": "26",
  "InstallExitCode.NoDownloaderAvailableForStatusCheck": "30",
  "InstallExitCode.UnsupportedArch": "27",
  "InstallExitCode.StatusCheckFailed": "28",
  "InstallExitCode.NeedInsidersArch": "29",
  "InstallExitCode.ServerTransferFailed": "31",
  "InstallExitCode.ServerFailedToStart": "32",
  "InstallExitCode.NeedInsidersWindows": "33",
  "InstallExitCode.CreateInstallDirFailed": "34",
  "InstallExitCode.UnsupportedPlatform": "35",
  "InstallExitCode.ServerTerminatedCVE20201416": "36",
  "InstallExitCode.UnpackFailed": "37",
  "InstallExitCode.ChangeDirFailed": "38",
  "InstallUnpackCode.Success": "success",
  "InstallUnpackCode.Error": "error",
  "InstallUnpackCode.MissingFiles": "missingFiles",
  "uuid": "aaa341da1994",
  "startMarker": "aaa341da1994: running",
  "commitId": "38c31bc77e0dd6ae88a4e9cc93428cc27a56ba40",
  "quality": "stable",
  "token": "a111a111-111a-1111-11aa-aa111a111111",
  "vscodeAgentFolder": "$HOME/.vscode-server",
  "allowClientDownload": "1",
  "forceClientDownload": "0",
  "cliNameInArchive": "code",
  "ignoreWgetConfigFlag": " --no-config ",
  "ignoreCurlConfigFlag": " --disable ",
  "wgetTriesSegment": "--tries=1",
  "listenArgs": "--on-host=127.0.0.1 --on-port",
  "getDownloadServerStartTrigger": "aaa341da1994:trigger_server_download",
  "getDownloadServerEndTrigger": "aaa341da1994:trigger_server_download_end",
  "getProgressDownloading": "aaa341da1994%%1%%",
  "getProgressInstalling": "aaa341da1994%%2%%"
}
[22:21:39.270] Install and start server if needed
[22:21:39.272] PATH: /home/alex/.local/bin:/usr/condabin:/usr/local/sbin:/usr/local/bin:/usr/bin:/opt/android-ndk:/usr/lib/jvm/default/bin:/usr/bin/site_perl:/usr/bin/vendor_perl:/usr/bin/core_perl:/home/alex/.local/share/bin
[22:21:39.272] Checking ssh with "ssh -V"
[22:21:39.278] > OpenSSH_9.8p1, OpenSSL 3.3.2 3 Sep 2024

[22:21:39.280] askpass server listening on /run/user/1000/vscode-ssh-askpass-dd2a5caa50ea995af0e1fa9461c55ae42cfea048.sock
[22:21:39.280] Spawning local server with {"serverId":1,"ipcHandlePath":"/run/user/1000/vscode-ssh-askpass-09de88a59af54dcc7ea85cb4ebccc4e71a307f20.sock","sshCommand":"ssh","sshArgs":["-v","-T","-D","38673","-o","ConnectTimeout=15","newvps"],"serverDataFolderName":".vscode-server","dataFilePath":"/home/alex/.config/Code/User/globalStorage/ms-vscode-remote.remote-ssh/vscode-ssh-host-6929eaf4-38c31bc77e0dd6ae88a4e9cc93428cc27a56ba40-0.114.3-es/data.json"}
[22:21:39.280] Local server env: {"SHELL":"/usr/bin/fish","DISPLAY":":1","ELECTRON_RUN_AS_NODE":"1","SSH_ASKPASS":"/home/alex/.vscode/extensions/ms-vscode-remote.remote-ssh-0.114.3/out/local-server/askpass.sh","VSCODE_SSH_ASKPASS_NODE":"/opt/visual-studio-code/code","VSCODE_SSH_ASKPASS_EXTRA_ARGS":"","VSCODE_SSH_ASKPASS_MAIN":"/home/alex/.vscode/extensions/ms-vscode-remote.remote-ssh-0.114.3/out/askpass-main.js","VSCODE_SSH_ASKPASS_HANDLE":"/run/user/1000/vscode-ssh-askpass-dd2a5caa50ea995af0e1fa9461c55ae42cfea048.sock"}
[22:21:39.283] Spawned 457301
[22:21:39.369] > local-server-1> Running ssh connection command: ssh -v -T -D 38673 -o ConnectTimeout=15 newvps
[22:21:39.373] > local-server-1> Spawned ssh, pid=457309
[22:21:39.375] stderr> OpenSSH_9.8p1, OpenSSL 3.3.2 3 Sep 2024
[22:21:40.168] stderr> debug1: Server host key: ssh-ed25519 SHA256:hA4r5UJvjj3xa25a4ofmUno++wxBv2mQW197Afs4Jdw
[22:21:41.082] stderr> Authenticated to 109.199.121.208 ([109.199.121.208]:22) using "publickey".
[22:21:41.959] > Welcome to Ubuntu 20.04.6 LTS (GNU/Linux 5.4.0-196-generic x86_64)
> 
>  * Documentation:  https://help.ubuntu.com
>  * Management:     https://landscape.canonical.com
>  * Support:        https://ubuntu.com/pro
> New release '22.04.5 LTS' available.
> Run 'do-release-upgrade' to upgrade to it.
> 
>   _____
>  / ___/___  _  _ _____ _   ___  ___
> | |   / _ \| \| |_   _/ \ | _ )/ _ \
> | |__| (_) | .` | | |/ _ \| _ \ (_) |
>  \____\___/|_|\_| |_/_/ \_|___/\___/
> 
> Welcome!
> 
> This server is hosted by Contabo. If you have any questions or need help,
> please don't hesitate to contact us at support@contabo.com.
[22:21:42.132] > ready: aaa341da1994
[22:21:42.320] > Linux 5.4.0-196-generic #216-Ubuntu SMP Thu Aug 29 13:26:53 UTC 2024
[22:21:42.320] Platform: linux
[22:21:42.516] > /bin/bash
[22:21:42.517] Parent Shell: bash
[22:21:42.517] Parent Shell pid: 457301
[22:21:42.697] > 83162
[22:21:42.697] Waiting for pid of spawned 'sh' subshell: '83162'...
[22:21:42.747] > 83162
[22:21:42.796] > 83162
[22:21:42.846] > 83162
[22:21:42.910] > aaa341da1994: running
> Script executing under PID: 83162
[22:21:43.038] > Found existing installation at /root/.vscode-server...
> Starting VS Code CLI...
> printenv:
[22:21:43.047] >     LANGUAGE=en_US:
>     USER=root
>     SSH_CLIENT=146.196.47.135 37096 22
>     XDG_SESSION_TYPE=tty
>     SHLVL=1
>     MOTD_SHOWN=pam
>     HOME=/root
>     LOGNAME=root
>     _=/usr/bin/sh
>     XDG_SESSION_CLASS=user
>     XDG_SESSION_ID=66
>     PATH=/usr/local/sbin:/usr/local/bin:/usr/sbin:/usr/bin:/sbin:/bin:/usr/games:/usr/local/games:/snap/bin
>     XDG_RUNTIME_DIR=/run/user/0
>     LANG=en_US.UTF-8
>     SHELL=/bin/bash
>     PWD=/root
>     SSH_CONNECTION=146.196.47.135 37096 109.199.121.208 22
[22:21:43.076] > Removing old logfile at /root/.vscode-server/.cli.38c31bc77e0dd6ae88a4e9cc93428cc27a56ba40.log
[22:21:43.089] > Spawned remote CLI: 83185
[22:21:43.108] > Waiting for server log...
[22:21:43.154] > Waiting for server log...
[22:21:43.192] > Waiting for server log...
[22:21:43.240] > Waiting for server log...
[22:21:43.277] > Waiting for server log...
[22:21:43.323] > Waiting for server log...
[22:21:43.369] > aaa341da1994: start
> listeningOn==127.0.0.1:33385==
> osReleaseId==ubuntu==
> arch==x86_64==
> vscodeArch==x64==
> bitness==64==
> tmpDir==/run/user/0==
> platform==linux==
> unpackResult====
> didLocalDownload==0==
> downloadTime====
> installTime====
> serverStartTime==321==
> execServerToken==a111a111-111a-1111-11aa-aa111a111111==
> platformDownloadPath==cli-alpine-x64==
> aaa341da1994: end
[22:21:43.369] Received install output: 
listeningOn==127.0.0.1:33385==
osReleaseId==ubuntu==
arch==x86_64==
vscodeArch==x64==
bitness==64==
tmpDir==/run/user/0==
platform==linux==
unpackResult====
didLocalDownload==0==
downloadTime====
installTime====
serverStartTime==321==
execServerToken==a111a111-111a-1111-11aa-aa111a111111==
platformDownloadPath==cli-alpine-x64==

[22:21:43.369] Remote server is listening on port 33385
[22:21:43.369] Parsed server configuration: {"serverConfiguration":{"remoteListeningOn":{"port":33385},"osReleaseId":"ubuntu","arch":"x86_64","tmpDir":"/run/user/0","platform":"linux","execServerToken":"a111a111-111a-1111-11aa-aa111a111111"},"serverStartTime":321,"installUnpackCode":""}
[22:21:43.370] Persisting server connection details to /home/alex/.config/Code/User/globalStorage/ms-vscode-remote.remote-ssh/vscode-ssh-host-6929eaf4-38c31bc77e0dd6ae88a4e9cc93428cc27a56ba40-0.114.3-es/data.json
[22:21:43.371] Starting forwarding server. local port 37303 -> socksPort 38673 -> remotePort 33385
[22:21:43.371] Forwarding server listening on port 37303
[22:21:43.371] Waiting for ssh tunnel to be ready
[22:21:43.372] [Forwarding server port 37303] Got connection 0
[22:21:43.372] Tunneled port 33385 to local port 37303
[22:21:43.372] Resolved "ssh-remote+newvps" to "port 37303"
[22:21:43.377] Initizing new exec server for ssh-remote+newvps
[22:21:43.377] Resolving exec server at port 37303
[22:21:43.395] [Forwarding server port 37303] Got connection 1
[22:21:44.032] Exec server for ssh-remote+newvps created and cached
[22:21:44.035] ------




[22:21:44.288] [server] Checking /root/.vscode-server/cli/servers/Stable-38c31bc77e0dd6ae88a4e9cc93428cc27a56ba40/log.txt and /root/.vscode-server/cli/servers/Stable-38c31bc77e0dd6ae88a4e9cc93428cc27a56ba40/pid.txt for a running server...
[22:21:44.333] [server] Installing and setting up Visual Studio Code Server...
[22:21:44.334] [server] Server setup complete
[22:21:44.334] [server] Starting server...
[22:21:44.334] [server] Starting server with command... Command { std: "/root/.vscode-server/cli/servers/Stable-38c31bc77e0dd6ae88a4e9cc93428cc27a56ba40/server/bin/code-server" "--connection-token=remotessh" "--accept-server-license-terms" "--start-server" "--enable-remote-auto-shutdown" "--socket-path=/tmp/code-65822371-3213-408a-acfd-62ade8836801", kill_on_drop: false }
[22:21:45.461] [server] *
[22:21:45.461] [server] * Visual Studio Code Server
[22:21:45.461] [server] *
[22:21:45.461] [server] * By using the software, you agree to
[22:21:45.490] [server] Server bound to /tmp/code-65822371-3213-408a-acfd-62ade8836801
[22:21:45.490] [server] Extension host agent listening on /tmp/code-65822371-3213-408a-acfd-62ade8836801
[22:21:45.490] [server] parsed location: "/tmp/code-65822371-3213-408a-acfd-62ade8836801"
[22:21:45.490] [server] 
[22:21:45.963] [server] [18:51:45] 
[22:21:46.009] [server] 
[22:21:46.010] [server] 
[22:21:46.010] [server] 
[22:21:46.010] [server] 
[22:21:46.165] [server] [18:51:46] Extension host agent started.
[22:21:46.847] [server] [18:51:46] [<unknown>][80492ecc][ManagementConnection] New connection established.
[22:21:46.849] [server] [18:51:46] [<unknown>][e7b0afea][ExtensionHostConnection] New connection established.
[22:21:47.065] [server] [18:51:46] [<unknown>][e7b0afea][ExtensionHostConnection] <83282> Launched Extension Host Process.
[22:26:46.167] [server] New EH opened, aborting shutdown
[22:26:46.167] [server] [18:56:46] New EH opened, aborting shutdown
