2024-09-19 09:37:17.298 [info] Added views:workbench.panel.markers.view in workbench.panel.markers
2024-09-19 09:37:17.298 [info] Added views:workbench.panel.output in workbench.panel.output
2024-09-19 09:37:17.298 [info] Added views:terminal in terminal
2024-09-19 09:37:17.298 [info] Added views:outline in workbench.view.explorer
2024-09-19 09:37:17.298 [info] Added views:workbench.scm in workbench.view.scm
2024-09-19 09:37:17.298 [info] Added views:workbench.view.search in workbench.view.search
2024-09-19 09:37:17.298 [info] Added views:timeline in workbench.view.explorer
2024-09-19 09:37:17.298 [info] Added views:workbench.explorer.emptyView in workbench.view.explorer
2024-09-19 09:37:17.461 [info] Added views:workbench.debug.variablesView,workbench.debug.watchExpressionsView,workbench.debug.callStackView,workbench.debug.breakPointsView in workbench.view.debug
2024-09-19 09:37:17.710 [info] Added views:~remote.forwardedPorts in ~remote.forwardedPortsContainer
2024-09-19 09:37:32.200 [info] Added views:github.codespaces.explorer in workbench.view.remote
2024-09-19 09:37:32.200 [info] Added views:remoteTargets in workbench.view.remote
2024-09-19 09:37:32.376 [info] Removed views:workbench.debug.breakPointsView,workbench.debug.callStackView,workbench.debug.watchExpressionsView,workbench.debug.variablesView from workbench.view.debug
2024-09-19 09:37:32.376 [info] Added views:workbench.debug.welcome in workbench.view.debug
2024-09-19 09:37:33.387 [info] Added views:workbench.panel.repl.view in workbench.panel.repl
2024-09-19 09:37:57.538 [info] Added views:workbench.panel.markers.view in workbench.panel.markers
2024-09-19 09:37:57.538 [info] Added views:workbench.panel.output in workbench.panel.output
2024-09-19 09:37:57.538 [info] Added views:terminal in terminal
2024-09-19 09:37:57.538 [info] Added views:outline in workbench.view.explorer
2024-09-19 09:37:57.538 [info] Added views:workbench.scm in workbench.view.scm
2024-09-19 09:37:57.538 [info] Added views:workbench.view.search in workbench.view.search
2024-09-19 09:37:57.538 [info] Added views:timeline in workbench.view.explorer
2024-09-19 09:37:57.538 [info] Added views:workbench.explorer.fileView in workbench.view.explorer
2024-09-19 09:37:57.809 [info] Added views:workbench.debug.variablesView,workbench.debug.watchExpressionsView,workbench.debug.callStackView,workbench.debug.breakPointsView in workbench.view.debug
2024-09-19 09:37:58.008 [info] Added views:~remote.forwardedPorts in ~remote.forwardedPortsContainer
2024-09-19 09:38:01.222 [info] Added views:github.codespaces.explorer in workbench.view.remote
2024-09-19 09:38:01.223 [info] Added views:remoteTargets in workbench.view.remote
2024-09-19 09:38:01.322 [info] Removed views:workbench.debug.breakPointsView,workbench.debug.callStackView,workbench.debug.watchExpressionsView,workbench.debug.variablesView from workbench.view.debug
2024-09-19 09:38:01.322 [info] Added views:workbench.debug.welcome in workbench.view.debug
2024-09-19 09:38:02.311 [info] Added views:workbench.panel.repl.view in workbench.panel.repl
