2024-09-19 22:55:16.313 [info] Started local extension host with pid 492809.
2024-09-19 22:55:16.568 [info] Invoking resolveAuthority(ssh-remote)...
2024-09-19 22:55:16.569 [info] [LocalProcess0][resolveAuthority(ssh-remote,1)][0ms] obtaining proxy...
2024-09-19 22:55:16.569 [info] [LocalProcess0][resolveAuthority(ssh-remote,1)][1ms] invoking...
2024-09-19 22:55:17.569 [info] [LocalProcess0][resolveAuthority(ssh-remote,1)][1001ms] waiting...
2024-09-19 22:55:18.569 [info] [LocalProcess0][resolveAuthority(ssh-remote,1)][2001ms] waiting...
2024-09-19 22:55:19.569 [info] [LocalProcess0][resolveAuthority(ssh-remote,1)][3001ms] waiting...
2024-09-19 22:55:20.569 [info] [LocalProcess0][resolveAuthority(ssh-remote,1)][4001ms] waiting...
2024-09-19 22:55:21.084 [info] [LocalProcess0][resolveAuthority(ssh-remote,1)][4516ms] returned Managed(1)
2024-09-19 22:55:21.084 [info] resolveAuthority(ssh-remote) returned 'Managed(1)' after 4516 ms
2024-09-19 22:55:21.085 [info] Creating a socket (renderer-Management-4884f7ef-e140-402c-9d82-37dd18d68131)...
2024-09-19 22:55:21.085 [info] Creating a socket (renderer-ExtensionHost-94388e2c-1ba5-43eb-adfe-147cc3ab5726)...
2024-09-19 22:55:21.748 [info] Creating a socket (renderer-Management-4884f7ef-e140-402c-9d82-37dd18d68131) was successful after 663 ms.
2024-09-19 22:55:21.759 [info] Creating a socket (renderer-ExtensionHost-94388e2c-1ba5-43eb-adfe-147cc3ab5726) was successful after 673 ms.
2024-09-19 22:55:24.937 [info] [perf] Render performance baseline is 20ms
2024-09-19 22:55:26.967 [error] Error: Unable to read file 'vscode-remote://ssh-remote+newvps/root/bot/.vscode/settings.json' (Canceled: Canceled)
    at r.F (vscode-file://vscode-app/opt/visual-studio-code/resources/app/out/vs/workbench/workbench.desktop.main.js:673:19434)
    at r.D (vscode-file://vscode-app/opt/visual-studio-code/resources/app/out/vs/workbench/workbench.desktop.main.js:673:19227)
    at async r.C (vscode-file://vscode-app/opt/visual-studio-code/resources/app/out/vs/workbench/workbench.desktop.main.js:673:18539)
    at async Object.factory (vscode-file://vscode-app/opt/visual-studio-code/resources/app/out/vs/workbench/workbench.desktop.main.js:673:18443)
2024-09-19 22:55:26.968 [error] Error: Unable to read file 'vscode-remote://ssh-remote+newvps/root/bot/.vscode/launch.json' (Canceled: Canceled)
    at r.F (vscode-file://vscode-app/opt/visual-studio-code/resources/app/out/vs/workbench/workbench.desktop.main.js:673:19434)
    at r.D (vscode-file://vscode-app/opt/visual-studio-code/resources/app/out/vs/workbench/workbench.desktop.main.js:673:19227)
    at async r.C (vscode-file://vscode-app/opt/visual-studio-code/resources/app/out/vs/workbench/workbench.desktop.main.js:673:18539)
    at async Object.factory (vscode-file://vscode-app/opt/visual-studio-code/resources/app/out/vs/workbench/workbench.desktop.main.js:673:18443)
2024-09-19 22:55:26.968 [error] Error: Unable to read file 'vscode-remote://ssh-remote+newvps/root/bot/.vscode/tasks.json' (Canceled: Canceled)
    at r.F (vscode-file://vscode-app/opt/visual-studio-code/resources/app/out/vs/workbench/workbench.desktop.main.js:673:19434)
    at r.D (vscode-file://vscode-app/opt/visual-studio-code/resources/app/out/vs/workbench/workbench.desktop.main.js:673:19227)
    at async r.C (vscode-file://vscode-app/opt/visual-studio-code/resources/app/out/vs/workbench/workbench.desktop.main.js:673:18539)
    at async Object.factory (vscode-file://vscode-app/opt/visual-studio-code/resources/app/out/vs/workbench/workbench.desktop.main.js:673:18443)
2024-09-19 22:55:26.968 [error] Error: Unable to read file 'vscode-remote://ssh-remote+newvps/root/bot/.vscode/settings.json' (Canceled: Canceled)
    at r.F (vscode-file://vscode-app/opt/visual-studio-code/resources/app/out/vs/workbench/workbench.desktop.main.js:673:19434)
    at r.D (vscode-file://vscode-app/opt/visual-studio-code/resources/app/out/vs/workbench/workbench.desktop.main.js:673:19227)
    at async r.C (vscode-file://vscode-app/opt/visual-studio-code/resources/app/out/vs/workbench/workbench.desktop.main.js:673:18539)
    at async Object.factory (vscode-file://vscode-app/opt/visual-studio-code/resources/app/out/vs/workbench/workbench.desktop.main.js:673:18443)
2024-09-19 22:55:26.968 [error] Error: Unable to read file 'vscode-remote://ssh-remote+newvps/root/bot/.vscode/launch.json' (Canceled: Canceled)
    at r.F (vscode-file://vscode-app/opt/visual-studio-code/resources/app/out/vs/workbench/workbench.desktop.main.js:673:19434)
    at r.D (vscode-file://vscode-app/opt/visual-studio-code/resources/app/out/vs/workbench/workbench.desktop.main.js:673:19227)
    at async r.C (vscode-file://vscode-app/opt/visual-studio-code/resources/app/out/vs/workbench/workbench.desktop.main.js:673:18539)
    at async Object.factory (vscode-file://vscode-app/opt/visual-studio-code/resources/app/out/vs/workbench/workbench.desktop.main.js:673:18443)
2024-09-19 22:55:26.968 [error] Error: Unable to read file 'vscode-remote://ssh-remote+newvps/root/bot/.vscode/tasks.json' (Canceled: Canceled)
    at r.F (vscode-file://vscode-app/opt/visual-studio-code/resources/app/out/vs/workbench/workbench.desktop.main.js:673:19434)
    at r.D (vscode-file://vscode-app/opt/visual-studio-code/resources/app/out/vs/workbench/workbench.desktop.main.js:673:19227)
    at async r.C (vscode-file://vscode-app/opt/visual-studio-code/resources/app/out/vs/workbench/workbench.desktop.main.js:673:18539)
    at async Object.factory (vscode-file://vscode-app/opt/visual-studio-code/resources/app/out/vs/workbench/workbench.desktop.main.js:673:18443)
2024-09-19 22:55:26.968 [error] Error: Unable to read file 'vscode-remote://ssh-remote+newvps/root/bot/.vscode/settings.json' (Canceled: Canceled)
    at r.F (vscode-file://vscode-app/opt/visual-studio-code/resources/app/out/vs/workbench/workbench.desktop.main.js:673:19434)
    at r.D (vscode-file://vscode-app/opt/visual-studio-code/resources/app/out/vs/workbench/workbench.desktop.main.js:673:19227)
    at async r.C (vscode-file://vscode-app/opt/visual-studio-code/resources/app/out/vs/workbench/workbench.desktop.main.js:673:18539)
    at async Object.factory (vscode-file://vscode-app/opt/visual-studio-code/resources/app/out/vs/workbench/workbench.desktop.main.js:673:18443)
2024-09-19 22:55:26.969 [error] Error: Unable to read file 'vscode-remote://ssh-remote+newvps/root/bot/.vscode/launch.json' (Canceled: Canceled)
    at r.F (vscode-file://vscode-app/opt/visual-studio-code/resources/app/out/vs/workbench/workbench.desktop.main.js:673:19434)
    at r.D (vscode-file://vscode-app/opt/visual-studio-code/resources/app/out/vs/workbench/workbench.desktop.main.js:673:19227)
    at async r.C (vscode-file://vscode-app/opt/visual-studio-code/resources/app/out/vs/workbench/workbench.desktop.main.js:673:18539)
    at async Object.factory (vscode-file://vscode-app/opt/visual-studio-code/resources/app/out/vs/workbench/workbench.desktop.main.js:673:18443)
2024-09-19 22:55:26.969 [error] Error: Unable to read file 'vscode-remote://ssh-remote+newvps/root/bot/.vscode/tasks.json' (Canceled: Canceled)
    at r.F (vscode-file://vscode-app/opt/visual-studio-code/resources/app/out/vs/workbench/workbench.desktop.main.js:673:19434)
    at r.D (vscode-file://vscode-app/opt/visual-studio-code/resources/app/out/vs/workbench/workbench.desktop.main.js:673:19227)
    at async r.C (vscode-file://vscode-app/opt/visual-studio-code/resources/app/out/vs/workbench/workbench.desktop.main.js:673:18539)
    at async Object.factory (vscode-file://vscode-app/opt/visual-studio-code/resources/app/out/vs/workbench/workbench.desktop.main.js:673:18443)
2024-09-19 22:55:26.969 [error] Error: Unable to read file 'vscode-remote://ssh-remote+newvps/root/bot/.vscode/settings.json' (Canceled: Canceled)
    at r.F (vscode-file://vscode-app/opt/visual-studio-code/resources/app/out/vs/workbench/workbench.desktop.main.js:673:19434)
    at r.D (vscode-file://vscode-app/opt/visual-studio-code/resources/app/out/vs/workbench/workbench.desktop.main.js:673:19227)
    at async r.C (vscode-file://vscode-app/opt/visual-studio-code/resources/app/out/vs/workbench/workbench.desktop.main.js:673:18539)
    at async Object.factory (vscode-file://vscode-app/opt/visual-studio-code/resources/app/out/vs/workbench/workbench.desktop.main.js:673:18443)
2024-09-19 22:55:26.969 [error] Error: Unable to read file 'vscode-remote://ssh-remote+newvps/root/bot/.vscode/launch.json' (Canceled: Canceled)
    at r.F (vscode-file://vscode-app/opt/visual-studio-code/resources/app/out/vs/workbench/workbench.desktop.main.js:673:19434)
    at r.D (vscode-file://vscode-app/opt/visual-studio-code/resources/app/out/vs/workbench/workbench.desktop.main.js:673:19227)
    at async r.C (vscode-file://vscode-app/opt/visual-studio-code/resources/app/out/vs/workbench/workbench.desktop.main.js:673:18539)
    at async Object.factory (vscode-file://vscode-app/opt/visual-studio-code/resources/app/out/vs/workbench/workbench.desktop.main.js:673:18443)
2024-09-19 22:55:26.969 [error] Error: Unable to read file 'vscode-remote://ssh-remote+newvps/root/bot/.vscode/tasks.json' (Canceled: Canceled)
    at r.F (vscode-file://vscode-app/opt/visual-studio-code/resources/app/out/vs/workbench/workbench.desktop.main.js:673:19434)
    at r.D (vscode-file://vscode-app/opt/visual-studio-code/resources/app/out/vs/workbench/workbench.desktop.main.js:673:19227)
    at async r.C (vscode-file://vscode-app/opt/visual-studio-code/resources/app/out/vs/workbench/workbench.desktop.main.js:673:18539)
    at async Object.factory (vscode-file://vscode-app/opt/visual-studio-code/resources/app/out/vs/workbench/workbench.desktop.main.js:673:18443)
2024-09-19 22:55:26.969 [error] Error: Unable to read file 'vscode-remote://ssh-remote+newvps/root/bot/.vscode/settings.json' (Canceled: Canceled)
    at r.F (vscode-file://vscode-app/opt/visual-studio-code/resources/app/out/vs/workbench/workbench.desktop.main.js:673:19434)
    at r.D (vscode-file://vscode-app/opt/visual-studio-code/resources/app/out/vs/workbench/workbench.desktop.main.js:673:19227)
    at async r.C (vscode-file://vscode-app/opt/visual-studio-code/resources/app/out/vs/workbench/workbench.desktop.main.js:673:18539)
    at async Object.factory (vscode-file://vscode-app/opt/visual-studio-code/resources/app/out/vs/workbench/workbench.desktop.main.js:673:18443)
2024-09-19 22:55:26.970 [error] Error: Unable to read file 'vscode-remote://ssh-remote+newvps/root/bot/.vscode/launch.json' (Canceled: Canceled)
    at r.F (vscode-file://vscode-app/opt/visual-studio-code/resources/app/out/vs/workbench/workbench.desktop.main.js:673:19434)
    at r.D (vscode-file://vscode-app/opt/visual-studio-code/resources/app/out/vs/workbench/workbench.desktop.main.js:673:19227)
    at async r.C (vscode-file://vscode-app/opt/visual-studio-code/resources/app/out/vs/workbench/workbench.desktop.main.js:673:18539)
    at async Object.factory (vscode-file://vscode-app/opt/visual-studio-code/resources/app/out/vs/workbench/workbench.desktop.main.js:673:18443)
2024-09-19 22:55:26.970 [error] Error: Unable to read file 'vscode-remote://ssh-remote+newvps/root/bot/.vscode/tasks.json' (Canceled: Canceled)
    at r.F (vscode-file://vscode-app/opt/visual-studio-code/resources/app/out/vs/workbench/workbench.desktop.main.js:673:19434)
    at r.D (vscode-file://vscode-app/opt/visual-studio-code/resources/app/out/vs/workbench/workbench.desktop.main.js:673:19227)
    at async r.C (vscode-file://vscode-app/opt/visual-studio-code/resources/app/out/vs/workbench/workbench.desktop.main.js:673:18539)
    at async Object.factory (vscode-file://vscode-app/opt/visual-studio-code/resources/app/out/vs/workbench/workbench.desktop.main.js:673:18443)
2024-09-19 22:55:26.970 [error] Error: Unable to read file 'vscode-remote://ssh-remote+newvps/root/bot/.vscode/settings.json' (Canceled: Canceled)
    at r.F (vscode-file://vscode-app/opt/visual-studio-code/resources/app/out/vs/workbench/workbench.desktop.main.js:673:19434)
    at r.D (vscode-file://vscode-app/opt/visual-studio-code/resources/app/out/vs/workbench/workbench.desktop.main.js:673:19227)
    at async r.C (vscode-file://vscode-app/opt/visual-studio-code/resources/app/out/vs/workbench/workbench.desktop.main.js:673:18539)
    at async Object.factory (vscode-file://vscode-app/opt/visual-studio-code/resources/app/out/vs/workbench/workbench.desktop.main.js:673:18443)
2024-09-19 22:55:26.970 [error] Error: Unable to read file 'vscode-remote://ssh-remote+newvps/root/bot/.vscode/launch.json' (Canceled: Canceled)
    at r.F (vscode-file://vscode-app/opt/visual-studio-code/resources/app/out/vs/workbench/workbench.desktop.main.js:673:19434)
    at r.D (vscode-file://vscode-app/opt/visual-studio-code/resources/app/out/vs/workbench/workbench.desktop.main.js:673:19227)
    at async r.C (vscode-file://vscode-app/opt/visual-studio-code/resources/app/out/vs/workbench/workbench.desktop.main.js:673:18539)
    at async Object.factory (vscode-file://vscode-app/opt/visual-studio-code/resources/app/out/vs/workbench/workbench.desktop.main.js:673:18443)
2024-09-19 22:55:26.970 [error] Error: Unable to read file 'vscode-remote://ssh-remote+newvps/root/bot/.vscode/tasks.json' (Canceled: Canceled)
    at r.F (vscode-file://vscode-app/opt/visual-studio-code/resources/app/out/vs/workbench/workbench.desktop.main.js:673:19434)
    at r.D (vscode-file://vscode-app/opt/visual-studio-code/resources/app/out/vs/workbench/workbench.desktop.main.js:673:19227)
    at async r.C (vscode-file://vscode-app/opt/visual-studio-code/resources/app/out/vs/workbench/workbench.desktop.main.js:673:18539)
    at async Object.factory (vscode-file://vscode-app/opt/visual-studio-code/resources/app/out/vs/workbench/workbench.desktop.main.js:673:18443)
2024-09-19 22:55:26.971 [error] Error: Unable to read file 'vscode-remote://ssh-remote+newvps/root/bot/.vscode/settings.json' (Canceled: Canceled)
    at r.F (vscode-file://vscode-app/opt/visual-studio-code/resources/app/out/vs/workbench/workbench.desktop.main.js:673:19434)
    at r.D (vscode-file://vscode-app/opt/visual-studio-code/resources/app/out/vs/workbench/workbench.desktop.main.js:673:19227)
    at async r.C (vscode-file://vscode-app/opt/visual-studio-code/resources/app/out/vs/workbench/workbench.desktop.main.js:673:18539)
    at async Object.factory (vscode-file://vscode-app/opt/visual-studio-code/resources/app/out/vs/workbench/workbench.desktop.main.js:673:18443)
2024-09-19 22:55:26.971 [error] Error: Unable to read file 'vscode-remote://ssh-remote+newvps/root/bot/.vscode/launch.json' (Canceled: Canceled)
    at r.F (vscode-file://vscode-app/opt/visual-studio-code/resources/app/out/vs/workbench/workbench.desktop.main.js:673:19434)
    at r.D (vscode-file://vscode-app/opt/visual-studio-code/resources/app/out/vs/workbench/workbench.desktop.main.js:673:19227)
    at async r.C (vscode-file://vscode-app/opt/visual-studio-code/resources/app/out/vs/workbench/workbench.desktop.main.js:673:18539)
    at async Object.factory (vscode-file://vscode-app/opt/visual-studio-code/resources/app/out/vs/workbench/workbench.desktop.main.js:673:18443)
2024-09-19 22:55:26.971 [error] Error: Unable to read file 'vscode-remote://ssh-remote+newvps/root/bot/.vscode/tasks.json' (Canceled: Canceled)
    at r.F (vscode-file://vscode-app/opt/visual-studio-code/resources/app/out/vs/workbench/workbench.desktop.main.js:673:19434)
    at r.D (vscode-file://vscode-app/opt/visual-studio-code/resources/app/out/vs/workbench/workbench.desktop.main.js:673:19227)
    at async r.C (vscode-file://vscode-app/opt/visual-studio-code/resources/app/out/vs/workbench/workbench.desktop.main.js:673:18539)
    at async Object.factory (vscode-file://vscode-app/opt/visual-studio-code/resources/app/out/vs/workbench/workbench.desktop.main.js:673:18443)
2024-09-19 22:55:26.971 [error] Error: Unable to read file 'vscode-remote://ssh-remote+newvps/root/bot/.vscode/settings.json' (Canceled: Canceled)
    at r.F (vscode-file://vscode-app/opt/visual-studio-code/resources/app/out/vs/workbench/workbench.desktop.main.js:673:19434)
    at r.D (vscode-file://vscode-app/opt/visual-studio-code/resources/app/out/vs/workbench/workbench.desktop.main.js:673:19227)
    at async r.C (vscode-file://vscode-app/opt/visual-studio-code/resources/app/out/vs/workbench/workbench.desktop.main.js:673:18539)
    at async Object.factory (vscode-file://vscode-app/opt/visual-studio-code/resources/app/out/vs/workbench/workbench.desktop.main.js:673:18443)
2024-09-19 22:55:26.971 [error] Error: Unable to read file 'vscode-remote://ssh-remote+newvps/root/bot/.vscode/launch.json' (Canceled: Canceled)
    at r.F (vscode-file://vscode-app/opt/visual-studio-code/resources/app/out/vs/workbench/workbench.desktop.main.js:673:19434)
    at r.D (vscode-file://vscode-app/opt/visual-studio-code/resources/app/out/vs/workbench/workbench.desktop.main.js:673:19227)
    at async r.C (vscode-file://vscode-app/opt/visual-studio-code/resources/app/out/vs/workbench/workbench.desktop.main.js:673:18539)
    at async Object.factory (vscode-file://vscode-app/opt/visual-studio-code/resources/app/out/vs/workbench/workbench.desktop.main.js:673:18443)
2024-09-19 22:55:26.971 [error] Error: Unable to read file 'vscode-remote://ssh-remote+newvps/root/bot/.vscode/tasks.json' (Canceled: Canceled)
    at r.F (vscode-file://vscode-app/opt/visual-studio-code/resources/app/out/vs/workbench/workbench.desktop.main.js:673:19434)
    at r.D (vscode-file://vscode-app/opt/visual-studio-code/resources/app/out/vs/workbench/workbench.desktop.main.js:673:19227)
    at async r.C (vscode-file://vscode-app/opt/visual-studio-code/resources/app/out/vs/workbench/workbench.desktop.main.js:673:18539)
    at async Object.factory (vscode-file://vscode-app/opt/visual-studio-code/resources/app/out/vs/workbench/workbench.desktop.main.js:673:18443)
2024-09-19 22:55:26.972 [error] Error: Unable to read file 'vscode-remote://ssh-remote+newvps/root/bot/.vscode/settings.json' (Canceled: Canceled)
    at r.F (vscode-file://vscode-app/opt/visual-studio-code/resources/app/out/vs/workbench/workbench.desktop.main.js:673:19434)
    at r.D (vscode-file://vscode-app/opt/visual-studio-code/resources/app/out/vs/workbench/workbench.desktop.main.js:673:19227)
    at async r.C (vscode-file://vscode-app/opt/visual-studio-code/resources/app/out/vs/workbench/workbench.desktop.main.js:673:18539)
    at async Object.factory (vscode-file://vscode-app/opt/visual-studio-code/resources/app/out/vs/workbench/workbench.desktop.main.js:673:18443)
2024-09-19 22:55:26.972 [error] Error: Unable to read file 'vscode-remote://ssh-remote+newvps/root/bot/.vscode/launch.json' (Canceled: Canceled)
    at r.F (vscode-file://vscode-app/opt/visual-studio-code/resources/app/out/vs/workbench/workbench.desktop.main.js:673:19434)
    at r.D (vscode-file://vscode-app/opt/visual-studio-code/resources/app/out/vs/workbench/workbench.desktop.main.js:673:19227)
    at async r.C (vscode-file://vscode-app/opt/visual-studio-code/resources/app/out/vs/workbench/workbench.desktop.main.js:673:18539)
    at async Object.factory (vscode-file://vscode-app/opt/visual-studio-code/resources/app/out/vs/workbench/workbench.desktop.main.js:673:18443)
2024-09-19 22:55:26.972 [error] Error: Unable to read file 'vscode-remote://ssh-remote+newvps/root/bot/.vscode/tasks.json' (Canceled: Canceled)
    at r.F (vscode-file://vscode-app/opt/visual-studio-code/resources/app/out/vs/workbench/workbench.desktop.main.js:673:19434)
    at r.D (vscode-file://vscode-app/opt/visual-studio-code/resources/app/out/vs/workbench/workbench.desktop.main.js:673:19227)
    at async r.C (vscode-file://vscode-app/opt/visual-studio-code/resources/app/out/vs/workbench/workbench.desktop.main.js:673:18539)
    at async Object.factory (vscode-file://vscode-app/opt/visual-studio-code/resources/app/out/vs/workbench/workbench.desktop.main.js:673:18443)
